  main.cpp
F:\Projects\psycho-physics\psycho-physics-engine\psycho-physics-engine\psycho\psycho.h(88,14): warning C4244: 'initializing': conversion from 'double' to 'float', possible loss of data
  (compiling source file 'psycho/main.cpp')
  
F:\Projects\psycho-physics\psycho-physics-engine\psycho-physics-engine\psycho\psycho.h(142,13): warning C4244: 'initializing': conversion from 'double' to 'float', possible loss of data
  (compiling source file 'psycho/main.cpp')
  
F:\Projects\psycho-physics\psycho-physics-engine\psycho-physics-engine\psycho\main.cpp(42,108): warning C4244: 'argument': conversion from 'float' to 'int', possible loss of data
F:\Projects\psycho-physics\psycho-physics-engine\psycho-physics-engine\psycho\main.cpp(42,84): warning C4244: 'argument': conversion from 'float' to 'int', possible loss of data
F:\Projects\psycho-physics\psycho-physics-engine\psycho-physics-engine\psycho\main.cpp(42,60): warning C4244: 'argument': conversion from 'float' to 'int', possible loss of data
F:\Projects\psycho-physics\psycho-physics-engine\psycho-physics-engine\psycho\main.cpp(42,37): warning C4244: 'argument': conversion from 'float' to 'int', possible loss of data
F:\Projects\psycho-physics\psycho-physics-engine\psycho-physics-engine\psycho\main.cpp(43,120): warning C4244: 'argument': conversion from 'float' to 'int', possible loss of data
F:\Projects\psycho-physics\psycho-physics-engine\psycho-physics-engine\psycho\main.cpp(43,93): warning C4244: 'argument': conversion from 'float' to 'int', possible loss of data
F:\Projects\psycho-physics\psycho-physics-engine\psycho-physics-engine\psycho\main.cpp(43,66): warning C4244: 'argument': conversion from 'float' to 'int', possible loss of data
F:\Projects\psycho-physics\psycho-physics-engine\psycho-physics-engine\psycho\main.cpp(43,40): warning C4244: 'argument': conversion from 'float' to 'int', possible loss of data
F:\Projects\psycho-physics\psycho-physics-engine\psycho-physics-engine\psycho\main.cpp(44,112): warning C4244: 'argument': conversion from 'float' to 'int', possible loss of data
F:\Projects\psycho-physics\psycho-physics-engine\psycho-physics-engine\psycho\main.cpp(44,86): warning C4244: 'argument': conversion from 'float' to 'int', possible loss of data
F:\Projects\psycho-physics\psycho-physics-engine\psycho-physics-engine\psycho\main.cpp(44,60): warning C4244: 'argument': conversion from 'float' to 'int', possible loss of data
F:\Projects\psycho-physics\psycho-physics-engine\psycho-physics-engine\psycho\main.cpp(44,37): warning C4244: 'argument': conversion from 'float' to 'int', possible loss of data
F:\Projects\psycho-physics\psycho-physics-engine\psycho-physics-engine\psycho\main.cpp(45,116): warning C4244: 'argument': conversion from 'float' to 'int', possible loss of data
F:\Projects\psycho-physics\psycho-physics-engine\psycho-physics-engine\psycho\main.cpp(45,89): warning C4244: 'argument': conversion from 'float' to 'int', possible loss of data
F:\Projects\psycho-physics\psycho-physics-engine\psycho-physics-engine\psycho\main.cpp(45,62): warning C4244: 'argument': conversion from 'float' to 'int', possible loss of data
F:\Projects\psycho-physics\psycho-physics-engine\psycho-physics-engine\psycho\main.cpp(45,38): warning C4244: 'argument': conversion from 'float' to 'int', possible loss of data
F:\Projects\psycho-physics\psycho-physics-engine\psycho-physics-engine\psycho\main.cpp(47,62): warning C4244: 'argument': conversion from 'float' to 'int', possible loss of data
F:\Projects\psycho-physics\psycho-physics-engine\psycho-physics-engine\psycho\main.cpp(47,39): warning C4244: 'argument': conversion from 'float' to 'int', possible loss of data
F:\Projects\psycho-physics\psycho-physics-engine\psycho-physics-engine\psycho\main.cpp(48,68): warning C4244: 'argument': conversion from 'float' to 'int', possible loss of data
F:\Projects\psycho-physics\psycho-physics-engine\psycho-physics-engine\psycho\main.cpp(48,42): warning C4244: 'argument': conversion from 'float' to 'int', possible loss of data
F:\Projects\psycho-physics\psycho-physics-engine\psycho-physics-engine\psycho\main.cpp(49,64): warning C4244: 'argument': conversion from 'float' to 'int', possible loss of data
F:\Projects\psycho-physics\psycho-physics-engine\psycho-physics-engine\psycho\main.cpp(49,40): warning C4244: 'argument': conversion from 'float' to 'int', possible loss of data
F:\Projects\psycho-physics\psycho-physics-engine\psycho-physics-engine\psycho\main.cpp(50,70): warning C4244: 'argument': conversion from 'float' to 'int', possible loss of data
F:\Projects\psycho-physics\psycho-physics-engine\psycho-physics-engine\psycho\main.cpp(50,43): warning C4244: 'argument': conversion from 'float' to 'int', possible loss of data
  psycho-physics-engine.vcxproj -> F:\Projects\psycho-physics\psycho-physics-engine\x64\Debug\psycho-physics-engine.exe
